Running: C:\Xilinx\14.7\ISE_DS\ISE\bin\nt64\unwrapped\fuse.exe -intstyle ise -incremental -lib secureip -o C:/Users/erfan/Desktop/temp/mantegh/2/simplemulty/simplemultytb_isim_beh.exe -prj C:/Users/erfan/Desktop/temp/mantegh/2/simplemulty/simplemultytb_beh.prj work.simplemultytb 
ISim P.20131013 (signature 0x7708f090)
Number of CPUs detected in this system: 4
Turning on mult-threading, number of parallel sub-compilation jobs: 8 
Determining compilation order of HDL files
Parsing VHDL file "C:/Users/erfan/Desktop/temp/mantegh/2/simplemulty/FA.vhd" into library work
Parsing VHDL file "C:/Users/erfan/Desktop/temp/mantegh/2/simplemulty/adder.vhd" into library work
Parsing VHDL file "C:/Users/erfan/Desktop/temp/mantegh/2/simplemulty/simplemulty.vhd" into library work
Parsing VHDL file "C:/Users/erfan/Desktop/temp/mantegh/2/simplemulty/simplemulty-tb.vhd" into library work
Starting static elaboration
Completed static elaboration
Compiling package standard
Compiling package std_logic_1164
Compiling package numeric_std
Compiling architecture gate_level of entity FA [fa_default]
Compiling architecture behavioral of entity Ripple_Adder [ripple_adder_default]
Compiling architecture rtl of entity multy [multy_default]
Compiling architecture behavior of entity simplemultytb
Time Resolution for simulation is 1ps.
Waiting for 1 sub-compilation(s) to finish...
Compiled 10 VHDL Units
Built simulation executable C:/Users/erfan/Desktop/temp/mantegh/2/simplemulty/simplemultytb_isim_beh.exe
Fuse Memory Usage: 36672 KB
Fuse CPU Usage: 811 ms
