Running: C:\Xilinx\14.7\ISE_DS\ISE\bin\nt\unwrapped\fuse.exe -intstyle ise -incremental -o E:/decoderx2/decoderx2TB_isim_beh.exe -prj E:/decoderx2/decoderx2TB_beh.prj work.decoderx2TB 
ISim P.20131013 (signature 0x8ef4fb42)
Number of CPUs detected in this system: 8
Turning on mult-threading, number of parallel sub-compilation jobs: 16 
Determining compilation order of HDL files
Parsing VHDL file "E:/decoderx2/decoderx2.vhd" into library work
Parsing VHDL file "E:/decoderx2/decoderx2TB.vhd" into library work
Starting static elaboration
Completed static elaboration
Fuse Memory Usage: 105536 KB
Fuse CPU Usage: 155 ms
Compiling package standard
Compiling package std_logic_1164
Compiling package numeric_std
Compiling architecture behavioral of entity decoderx2 [decoderx2_default]
Compiling architecture behavior of entity decoderx2tb
Time Resolution for simulation is 1ps.
Compiled 6 VHDL Units
Built simulation executable E:/decoderx2/decoderx2TB_isim_beh.exe
Fuse Memory Usage: 121072 KB
Fuse CPU Usage: 233 ms
