
****** PlanAhead v14.7
  **** Build 321239 by xbuild on Fri Sep 27 19:31:35 MDT 2013
    ** Copyright 1986-1999, 2001-2013 Xilinx, Inc. All Rights Reserved.

INFO: [Common 17-78] Attempting to get a license: PlanAhead
INFO: [Common 17-290] Got license for PlanAhead
INFO: [Device 21-36] Loading parts and site information from C:/Xilinx/14.7/ISE_DS/PlanAhead/data/parts/arch.xml
Parsing RTL primitives file [C:/Xilinx/14.7/ISE_DS/PlanAhead/data/parts/xilinx/rtl/prims/rtl_prims.xml]
Finished parsing RTL primitives file [C:/Xilinx/14.7/ISE_DS/PlanAhead/data/parts/xilinx/rtl/prims/rtl_prims.xml]
start_gui
source E:/MUX4x2/pa.fromNetlist.tcl
# create_project -name MUX4x2 -dir "E:/MUX4x2/planAhead_run_1" -part xc3s400pq208-5
# set_property design_mode GateLvl [get_property srcset [current_run -impl]]
# set_property edif_top_file "E:/MUX4x2/mux4x2.ngc" [ get_property srcset [ current_run ] ]
# add_files -norecurse { {E:/MUX4x2} }
# set_property target_constrs_file "mux4x2.ucf" [current_fileset -constrset]
Adding file 'E:/MUX4x2/mux4x2.ucf' to fileset 'constrs_1'
# add_files [list {mux4x2.ucf}] -fileset [get_property constrset [current_run]]
# link_design
Design is defaulting to srcset: sources_1
Design is defaulting to constrset: constrs_1
Design is defaulting to project part: xc3s400pq208-5
Release 14.7 - ngc2edif P.20131013 (nt)
Copyright (c) 1995-2013 Xilinx, Inc.  All rights reserved.

Release 14.7 - ngc2edif P.20131013 (nt)
Copyright (c) 1995-2013 Xilinx, Inc.  All rights reserved.
Reading design mux4x2.ngc ...
WARNING:NetListWriters:298 - No output is written to mux4x2.xncf, ignored.
Processing design ...
   Preping design's networks ...
   Preping design's macros ...
  finished :Prep
Writing EDIF netlist file mux4x2.edif ...
ngc2edif: Total memory usage is 60564 kilobytes

Parsing EDIF File [./planAhead_run_1/MUX4x2.data/cache/mux4x2_ngc_zx.edif]
Finished Parsing EDIF File [./planAhead_run_1/MUX4x2.data/cache/mux4x2_ngc_zx.edif]
INFO: [Designutils 20-910] Reading macro library C:/Xilinx/14.7/ISE_DS/PlanAhead/data\./parts/xilinx/spartan3/hd_int_macros.edn
Parsing EDIF File [C:/Xilinx/14.7/ISE_DS/PlanAhead/data\./parts/xilinx/spartan3/hd_int_macros.edn]
Finished Parsing EDIF File [C:/Xilinx/14.7/ISE_DS/PlanAhead/data\./parts/xilinx/spartan3/hd_int_macros.edn]
Loading clock regions from C:/Xilinx/14.7/ISE_DS/PlanAhead/data\parts/xilinx/spartan3/spartan3/xc3s400/ClockRegion.xml
Loading clock buffers from C:/Xilinx/14.7/ISE_DS/PlanAhead/data\parts/xilinx/spartan3/spartan3/xc3s400/ClockBuffers.xml
Loading package from C:/Xilinx/14.7/ISE_DS/PlanAhead/data\parts/xilinx/spartan3/spartan3/xc3s400/pq208/Package.xml
Loading io standards from C:/Xilinx/14.7/ISE_DS/PlanAhead/data\./parts/xilinx/spartan3/IOStandards.xml
INFO: [Device 21-19] Loading pkg sso from C:/Xilinx/14.7/ISE_DS/PlanAhead/data\parts/xilinx/spartan3/spartan3/xc3s400/pq208/SSORules.xml
Loading list of drcs for the architecture : C:/Xilinx/14.7/ISE_DS/PlanAhead/data\./parts/xilinx/spartan3/drc.xml
INFO: [Timing 38-77] Reading timing library C:/Xilinx/14.7/ISE_DS/PlanAhead/data\parts/xilinx/spartan3/spartan3/spartan3-5.lib.
INFO: [Timing 38-34] Done reading timing library C:/Xilinx/14.7/ISE_DS/PlanAhead/data\parts/xilinx/spartan3/spartan3/spartan3-5.lib.
Parsing UCF File [E:/MUX4x2/mux4x2.ucf]
Finished Parsing UCF File [E:/MUX4x2/mux4x2.ucf]
INFO: [Project 1-111] Unisim Transformation Summary:
No Unisim elements were transformed.

Phase 0 | Netlist Checksum: 52a56a84
link_design: Time (s): elapsed = 00:00:05 . Memory (MB): peak = 481.078 ; gain = 49.789
set_property package_pin "" [get_ports [list  {A[0]}]]
set_property package_pin "" [get_ports [list  {A[1]}]]
startgroup
set_property package_pin P78 [get_ports {A[1]}]
endgroup
startgroup
set_property package_pin P77 [get_ports {A[1]}]
endgroup
startgroup
set_property package_pin P78 [get_ports {A[0]}]
endgroup
set_property package_pin "" [get_ports [list  {B[1]}]]
startgroup
set_property package_pin P76 [get_ports {B[0]}]
endgroup
startgroup
set_property package_pin P74 [get_ports {B[1]}]
endgroup
startgroup
set_property package_pin P76 [get_ports {B[0]}]
endgroup
set_property package_pin "" [get_ports [list  {C[1]}]]
set_property package_pin "" [get_ports [list  {C[0]}]]
startgroup
set_property package_pin P76 [get_ports {B[0]}]
endgroup
startgroup
set_property package_pin P2 [get_ports {B[0]}]
endgroup
startgroup
set_property package_pin P76 [get_ports {B[0]}]
endgroup
startgroup
set_property package_pin P76 [get_ports {B[0]}]
endgroup
startgroup
set_property package_pin P72 [get_ports {C[1]}]
endgroup
startgroup
set_property package_pin P71 [get_ports {C[1]}]
endgroup
startgroup
set_property package_pin P72 [get_ports {C[0]}]
endgroup
set_property package_pin "" [get_ports [list  {S[1]}]]
startgroup
set_property package_pin P68 [get_ports {D[1]}]
endgroup
startgroup
set_property package_pin P68 [get_ports {D[1]}]
endgroup
startgroup
set_property package_pin P67 [get_ports {D[0]}]
endgroup
startgroup
set_property package_pin P169 [get_ports {O[1]}]
endgroup
startgroup
set_property package_pin P169 [get_ports {O[1]}]
endgroup
startgroup
set_property package_pin P168 [get_ports {O[0]}]
endgroup
startgroup
set_property package_pin P86 [get_ports {S[1]}]
endgroup
startgroup
set_property package_pin P87 [get_ports {S[0]}]
endgroup
save_constraints
